<?xml version="1.0" encoding="UTF-8"?>
<!-- Generated by org.testng.reporters.JUnitReportReporter -->
<testsuite hostname="LAPTOP-1S7KVVBR" failures="0" tests="1" name="tests.Testcase" time="13.134" errors="0" timestamp="2025-04-09T10:19:13 IST" skipped="0">
  <testcase classname="tests.Testcase" name="testFlightBooking" time="13.134"/>
</testsuite> <!-- tests.Testcase -->
